<?xml version="1.0" encoding="UTF-8"?>
<testng-results skipped="0" failed="0" ignored="0" total="1" passed="1">
  <reporter-output>
  </reporter-output>
  <suite name="Default suite" duration-ms="20468" started-at="2019-05-18T11:26:51Z" finished-at="2019-05-18T11:27:12Z">
    <groups>
    </groups>
    <test name="Default test" duration-ms="20468" started-at="2019-05-18T11:26:51Z" finished-at="2019-05-18T11:27:12Z">
      <class name="NewPackage.Testcaseng">
        <test-method status="PASS" signature="beforeTest()[pri:0, instance:NewPackage.Testcaseng@6e06451e]" name="beforeTest" is-config="true" duration-ms="14431" started-at="2019-05-18T11:26:51Z" finished-at="2019-05-18T11:27:06Z">
          <reporter-output>
          </reporter-output>
        </test-method> <!-- beforeTest -->
        <test-method status="PASS" signature="Test1()[pri:0, instance:NewPackage.Testcaseng@6e06451e]" name="Test1" duration-ms="3016" started-at="2019-05-18T11:27:06Z" finished-at="2019-05-18T11:27:09Z">
          <reporter-output>
          </reporter-output>
        </test-method> <!-- Test1 -->
        <test-method status="PASS" signature="afterTest()[pri:0, instance:NewPackage.Testcaseng@6e06451e]" name="afterTest" is-config="true" duration-ms="2932" started-at="2019-05-18T11:27:09Z" finished-at="2019-05-18T11:27:12Z">
          <reporter-output>
          </reporter-output>
        </test-method> <!-- afterTest -->
      </class> <!-- NewPackage.Testcaseng -->
    </test> <!-- Default test -->
  </suite> <!-- Default suite -->
</testng-results>
